Running: /opt/Xilinx/13.4/ISE_DS/ISE/bin/lin64/unwrapped/fuse -intstyle ise -incremental -lib unisims_ver -lib unimacro_ver -lib xilinxcorelib_ver -o /home/gilderjw/Documents/csse232/1516a-csse232-sid-transputer/XilinxLabs/memory/whatever_whatever_sch_tb_isim_beh.exe -prj /home/gilderjw/Documents/csse232/1516a-csse232-sid-transputer/XilinxLabs/memory/whatever_whatever_sch_tb_beh.prj work.whatever_whatever_sch_tb work.glbl 
ISim O.87xd (signature 0x8ddf5b5d)
Number of CPUs detected in this system: 8
Turning on mult-threading, number of parallel sub-compilation jobs: 16 
Determining compilation order of HDL files
Analyzing Verilog file "/home/gilderjw/Documents/csse232/1516a-csse232-sid-transputer/XilinxLabs/memory/ipcore_dir/blockmemory16kx1.v" into library work
Analyzing Verilog file "/home/gilderjw/Documents/csse232/1516a-csse232-sid-transputer/XilinxLabs/memory/BlockMemoryContrl.v" into library work
Analyzing Verilog file "/home/gilderjw/Documents/csse232/1516a-csse232-sid-transputer/XilinxLabs/memory/whatever.vf" into library work
Analyzing Verilog file "/home/gilderjw/Documents/csse232/1516a-csse232-sid-transputer/XilinxLabs/memory/testdrup.v" into library work
Analyzing Verilog file "/opt/Xilinx/13.4/ISE_DS/ISE//verilog/src/glbl.v" into library work
Starting static elaboration
Completed static elaboration
Fuse Memory Usage: 95452 KB
Fuse CPU Usage: 940 ms
Compiling module MIPS_control_unit
Compiling module BLK_MEM_GEN_V6_3_output_stage(C_...
Compiling module BLK_MEM_GEN_V6_3_softecc_output_...
Compiling module BLK_MEM_GEN_V6_3_mem_module(C_CO...
Compiling module BLK_MEM_GEN_V6_3(C_FAMILY="spart...
Compiling module blockmemory16kx1
Compiling module whatever
Compiling module whatever_whatever_sch_tb
Compiling module glbl
Time Resolution for simulation is 1ps.
Waiting for 1 sub-compilation(s) to finish...
Compiled 9 Verilog Units
Built simulation executable /home/gilderjw/Documents/csse232/1516a-csse232-sid-transputer/XilinxLabs/memory/whatever_whatever_sch_tb_isim_beh.exe
Fuse Memory Usage: 1183248 KB
Fuse CPU Usage: 1010 ms
GCC CPU Usage: 1100 ms
